Iteration 1/10
Generated 1 synthetic satellite instances with azimuth range (0.0, 360.0) deg and elevation range (30.0, 80.0) deg
SAT-1: az=336.13 deg, el=31.78 deg, heading=105.08 deg
Satellite instances saved to Data/experiments/J_01_K_010/runtime/chunk_003_satellites.json
Iteration 2/10
Generated 1 synthetic satellite instances with azimuth range (0.0, 360.0) deg and elevation range (30.0, 80.0) deg
SAT-1: az=342.51 deg, el=65.17 deg, heading=118.44 deg
Satellite instances saved to Data/experiments/J_01_K_010/runtime/chunk_003_satellites.json
Iteration 3/10
Generated 1 synthetic satellite instances with azimuth range (0.0, 360.0) deg and elevation range (30.0, 80.0) deg
SAT-1: az=44.76 deg, el=51.77 deg, heading=328.79 deg
Satellite instances saved to Data/experiments/J_01_K_010/runtime/chunk_003_satellites.json
Iteration 4/10
Generated 1 synthetic satellite instances with azimuth range (0.0, 360.0) deg and elevation range (30.0, 80.0) deg
SAT-1: az=197.29 deg, el=52.13 deg, heading=83.80 deg
Satellite instances saved to Data/experiments/J_01_K_010/runtime/chunk_003_satellites.json
Iteration 5/10
Generated 1 synthetic satellite instances with azimuth range (0.0, 360.0) deg and elevation range (30.0, 80.0) deg
SAT-1: az=359.41 deg, el=69.63 deg, heading=232.71 deg
Satellite instances saved to Data/experiments/J_01_K_010/runtime/chunk_003_satellites.json
Iteration 6/10
Generated 1 synthetic satellite instances with azimuth range (0.0, 360.0) deg and elevation range (30.0, 80.0) deg
SAT-1: az=230.81 deg, el=72.25 deg, heading=321.63 deg
Satellite instances saved to Data/experiments/J_01_K_010/runtime/chunk_003_satellites.json
Iteration 7/10
Generated 1 synthetic satellite instances with azimuth range (0.0, 360.0) deg and elevation range (30.0, 80.0) deg
SAT-1: az=353.61 deg, el=76.32 deg, heading=303.99 deg
Satellite instances saved to Data/experiments/J_01_K_010/runtime/chunk_003_satellites.json
Iteration 8/10
Generated 1 synthetic satellite instances with azimuth range (0.0, 360.0) deg and elevation range (30.0, 80.0) deg
SAT-1: az=168.98 deg, el=55.05 deg, heading=83.35 deg
Satellite instances saved to Data/experiments/J_01_K_010/runtime/chunk_003_satellites.json
Iteration 9/10
Generated 1 synthetic satellite instances with azimuth range (0.0, 360.0) deg and elevation range (30.0, 80.0) deg
SAT-1: az=84.64 deg, el=32.49 deg, heading=97.73 deg
Satellite instances saved to Data/experiments/J_01_K_010/runtime/chunk_003_satellites.json
Iteration 10/10
Generated 1 synthetic satellite instances with azimuth range (0.0, 360.0) deg and elevation range (30.0, 80.0) deg
SAT-1: az=165.73 deg, el=65.66 deg, heading=206.79 deg
Satellite instances saved to Data/experiments/J_01_K_010/runtime/chunk_003_satellites.json
Saved chunk results to Data/experiments/J_01_K_010/chunks/chunk_003.json
