Iteration 1/10
Generated 1 synthetic satellite instances with azimuth range (0.0, 360.0) deg and elevation range (30.0, 80.0) deg
SAT-1: az=303.66 deg, el=62.76 deg, heading=334.62 deg
Satellite instances saved to Data/experiments/J_01_K_010/runtime/chunk_002_satellites.json
Iteration 2/10
Generated 1 synthetic satellite instances with azimuth range (0.0, 360.0) deg and elevation range (30.0, 80.0) deg
SAT-1: az=86.75 deg, el=48.70 deg, heading=55.44 deg
Satellite instances saved to Data/experiments/J_01_K_010/runtime/chunk_002_satellites.json
Iteration 3/10
Generated 1 synthetic satellite instances with azimuth range (0.0, 360.0) deg and elevation range (30.0, 80.0) deg
SAT-1: az=243.47 deg, el=37.14 deg, heading=36.11 deg
Satellite instances saved to Data/experiments/J_01_K_010/runtime/chunk_002_satellites.json
Iteration 4/10
Generated 1 synthetic satellite instances with azimuth range (0.0, 360.0) deg and elevation range (30.0, 80.0) deg
SAT-1: az=118.15 deg, el=68.53 deg, heading=151.46 deg
Satellite instances saved to Data/experiments/J_01_K_010/runtime/chunk_002_satellites.json
Iteration 5/10
Generated 1 synthetic satellite instances with azimuth range (0.0, 360.0) deg and elevation range (30.0, 80.0) deg
SAT-1: az=73.12 deg, el=40.48 deg, heading=337.15 deg
Satellite instances saved to Data/experiments/J_01_K_010/runtime/chunk_002_satellites.json
Iteration 6/10
Generated 1 synthetic satellite instances with azimuth range (0.0, 360.0) deg and elevation range (30.0, 80.0) deg
SAT-1: az=28.53 deg, el=68.23 deg, heading=189.79 deg
Satellite instances saved to Data/experiments/J_01_K_010/runtime/chunk_002_satellites.json
Iteration 7/10
Generated 1 synthetic satellite instances with azimuth range (0.0, 360.0) deg and elevation range (30.0, 80.0) deg
SAT-1: az=263.25 deg, el=67.45 deg, heading=144.30 deg
Satellite instances saved to Data/experiments/J_01_K_010/runtime/chunk_002_satellites.json
Iteration 8/10
Generated 1 synthetic satellite instances with azimuth range (0.0, 360.0) deg and elevation range (30.0, 80.0) deg
SAT-1: az=73.78 deg, el=77.76 deg, heading=32.49 deg
Satellite instances saved to Data/experiments/J_01_K_010/runtime/chunk_002_satellites.json
Iteration 9/10
Generated 1 synthetic satellite instances with azimuth range (0.0, 360.0) deg and elevation range (30.0, 80.0) deg
SAT-1: az=283.07 deg, el=54.33 deg, heading=185.25 deg
Satellite instances saved to Data/experiments/J_01_K_010/runtime/chunk_002_satellites.json
Iteration 10/10
Generated 1 synthetic satellite instances with azimuth range (0.0, 360.0) deg and elevation range (30.0, 80.0) deg
SAT-1: az=124.46 deg, el=68.80 deg, heading=215.28 deg
Satellite instances saved to Data/experiments/J_01_K_010/runtime/chunk_002_satellites.json
Saved chunk results to Data/experiments/J_01_K_010/chunks/chunk_002.json
