Iteration 1/10
Generated 1 synthetic satellite instances with azimuth range (0.0, 360.0) deg and elevation range (30.0, 80.0) deg
SAT-1: az=184.97 deg, el=34.49 deg, heading=251.00 deg
Satellite instances saved to Data/experiments/J_01_K_010/runtime/chunk_004_satellites.json
Iteration 2/10
Generated 1 synthetic satellite instances with azimuth range (0.0, 360.0) deg and elevation range (30.0, 80.0) deg
SAT-1: az=3.98 deg, el=51.28 deg, heading=57.76 deg
Satellite instances saved to Data/experiments/J_01_K_010/runtime/chunk_004_satellites.json
Iteration 3/10
Generated 1 synthetic satellite instances with azimuth range (0.0, 360.0) deg and elevation range (30.0, 80.0) deg
SAT-1: az=63.54 deg, el=35.31 deg, heading=186.32 deg
Satellite instances saved to Data/experiments/J_01_K_010/runtime/chunk_004_satellites.json
Iteration 4/10
Generated 1 synthetic satellite instances with azimuth range (0.0, 360.0) deg and elevation range (30.0, 80.0) deg
SAT-1: az=39.91 deg, el=42.02 deg, heading=320.49 deg
Satellite instances saved to Data/experiments/J_01_K_010/runtime/chunk_004_satellites.json
Iteration 5/10
Generated 1 synthetic satellite instances with azimuth range (0.0, 360.0) deg and elevation range (30.0, 80.0) deg
SAT-1: az=183.52 deg, el=66.86 deg, heading=223.25 deg
Satellite instances saved to Data/experiments/J_01_K_010/runtime/chunk_004_satellites.json
Iteration 6/10
Generated 1 synthetic satellite instances with azimuth range (0.0, 360.0) deg and elevation range (30.0, 80.0) deg
SAT-1: az=288.43 deg, el=55.64 deg, heading=19.92 deg
Satellite instances saved to Data/experiments/J_01_K_010/runtime/chunk_004_satellites.json
Iteration 7/10
Generated 1 synthetic satellite instances with azimuth range (0.0, 360.0) deg and elevation range (30.0, 80.0) deg
SAT-1: az=257.12 deg, el=63.57 deg, heading=69.26 deg
Satellite instances saved to Data/experiments/J_01_K_010/runtime/chunk_004_satellites.json
Iteration 8/10
Generated 1 synthetic satellite instances with azimuth range (0.0, 360.0) deg and elevation range (30.0, 80.0) deg
SAT-1: az=1.25 deg, el=68.70 deg, heading=172.77 deg
Satellite instances saved to Data/experiments/J_01_K_010/runtime/chunk_004_satellites.json
Iteration 9/10
Generated 1 synthetic satellite instances with azimuth range (0.0, 360.0) deg and elevation range (30.0, 80.0) deg
SAT-1: az=50.52 deg, el=53.53 deg, heading=129.96 deg
Satellite instances saved to Data/experiments/J_01_K_010/runtime/chunk_004_satellites.json
Iteration 10/10
Generated 1 synthetic satellite instances with azimuth range (0.0, 360.0) deg and elevation range (30.0, 80.0) deg
SAT-1: az=259.50 deg, el=48.89 deg, heading=225.48 deg
Satellite instances saved to Data/experiments/J_01_K_010/runtime/chunk_004_satellites.json
Saved chunk results to Data/experiments/J_01_K_010/chunks/chunk_004.json
